<?xml version="1.0" encoding="UTF-8"?>
<testng-results skipped="0" failed="0" ignored="0" total="1" passed="1">
  <reporter-output>
  </reporter-output>
  <suite name="Default suite" duration-ms="4335" started-at="2018-11-07T12:26:37Z" finished-at="2018-11-07T12:26:41Z">
    <groups>
    </groups>
    <test name="Default test" duration-ms="4335" started-at="2018-11-07T12:26:37Z" finished-at="2018-11-07T12:26:41Z">
      <class name="com.speedtail.tests.Test1">
        <test-method status="PASS" signature="beforeTest()[pri:0, instance:com.speedtail.tests.Test1@1a3869f4]" name="beforeTest" is-config="true" duration-ms="18" started-at="2018-11-07T12:26:37Z" finished-at="2018-11-07T12:26:37Z">
          <reporter-output>
          </reporter-output>
        </test-method> <!-- beforeTest -->
        <test-method status="PASS" signature="test()[pri:0, instance:com.speedtail.tests.Test1@1a3869f4]" name="test" duration-ms="4269" started-at="2018-11-07T12:26:37Z" finished-at="2018-11-07T12:26:41Z">
          <reporter-output>
          </reporter-output>
        </test-method> <!-- test -->
      </class> <!-- com.speedtail.tests.Test1 -->
    </test> <!-- Default test -->
  </suite> <!-- Default suite -->
</testng-results>
